{"/Users/darlanmendonca/projects/key-renamer/test.js":{"path":"/Users/darlanmendonca/projects/key-renamer/test.js","s":{"1":1,"2":1,"3":1,"4":1,"5":1,"6":1,"7":1,"8":1,"9":1,"10":1,"11":1,"12":1},"b":{},"f":{"1":1,"2":1,"3":1,"4":1},"fnMap":{"1":{"name":"(anonymous_1)","line":18,"loc":{"start":{"line":18,"column":29},"end":{"line":18,"column":40}}},"2":{"name":"(anonymous_2)","line":19,"loc":{"start":{"line":19,"column":9},"end":{"line":19,"column":20}}},"3":{"name":"(anonymous_3)","line":63,"loc":{"start":{"line":63,"column":13},"end":{"line":63,"column":24}}},"4":{"name":"(anonymous_4)","line":111,"loc":{"start":{"line":111,"column":80},"end":{"line":111,"column":91}}}},"statementMap":{"1":{"start":{"line":13,"column":0},"end":{"line":13,"column":31}},"2":{"start":{"line":14,"column":0},"end":{"line":14,"column":31}},"3":{"start":{"line":15,"column":0},"end":{"line":15,"column":46}},"4":{"start":{"line":16,"column":0},"end":{"line":16,"column":46}},"5":{"start":{"line":18,"column":0},"end":{"line":114,"column":3}},"6":{"start":{"line":19,"column":2},"end":{"line":61,"column":5}},"7":{"start":{"line":21,"column":4},"end":{"line":60,"column":6}},"8":{"start":{"line":63,"column":2},"end":{"line":109,"column":5}},"9":{"start":{"line":65,"column":4},"end":{"line":92,"column":6}},"10":{"start":{"line":95,"column":4},"end":{"line":108,"column":6}},"11":{"start":{"line":111,"column":2},"end":{"line":113,"column":5}},"12":{"start":{"line":112,"column":4},"end":{"line":112,"column":101}}},"branchMap":{}},"/Users/darlanmendonca/projects/key-renamer/lib/key-renamer.js":{"path":"/Users/darlanmendonca/projects/key-renamer/lib/key-renamer.js","s":{"1":1,"2":1,"3":8,"4":8,"5":8,"6":6,"7":0,"8":8,"9":4,"10":1,"11":0,"12":0,"13":0,"14":0,"15":1,"16":6,"17":6,"18":6,"19":6,"20":0,"21":0,"22":0,"23":0,"24":6,"25":23,"26":23,"27":23,"28":4,"29":4,"30":2,"31":2,"32":4,"33":4,"34":4,"35":2,"36":0,"37":4,"38":0,"39":4,"40":19,"41":19,"42":0,"43":19,"44":15,"45":5,"46":19,"47":6,"48":1},"b":{"1":[6,0],"2":[0,6],"3":[23,0],"4":[4,19],"5":[23,4],"6":[2,2],"7":[2,0],"8":[2,2],"9":[2,2],"10":[0,2],"11":[0,4],"12":[0,19],"13":[15,4],"14":[5,10]},"f":{"1":8,"2":0,"3":6,"4":23},"fnMap":{"1":{"name":"(anonymous_1)","line":22,"loc":{"start":{"line":22,"column":21},"end":{"line":22,"column":42}}},"2":{"name":"(anonymous_2)","line":46,"loc":{"start":{"line":46,"column":15},"end":{"line":46,"column":52}}},"3":{"name":"(anonymous_3)","line":67,"loc":{"start":{"line":67,"column":17},"end":{"line":67,"column":54}}},"4":{"name":"(anonymous_4)","line":90,"loc":{"start":{"line":90,"column":38},"end":{"line":90,"column":52}}}},"statementMap":{"1":{"start":{"line":15,"column":0},"end":{"line":15,"column":27}},"2":{"start":{"line":22,"column":0},"end":{"line":38,"column":2}},"3":{"start":{"line":23,"column":2},"end":{"line":35,"column":3}},"4":{"start":{"line":24,"column":4},"end":{"line":34,"column":5}},"5":{"start":{"line":26,"column":6},"end":{"line":30,"column":7}},"6":{"start":{"line":27,"column":8},"end":{"line":27,"column":51}},"7":{"start":{"line":29,"column":8},"end":{"line":29,"column":26}},"8":{"start":{"line":33,"column":6},"end":{"line":33,"column":24}},"9":{"start":{"line":37,"column":2},"end":{"line":37,"column":14}},"10":{"start":{"line":46,"column":0},"end":{"line":57,"column":2}},"11":{"start":{"line":47,"column":2},"end":{"line":47,"column":45}},"12":{"start":{"line":49,"column":2},"end":{"line":51,"column":6}},"13":{"start":{"line":53,"column":2},"end":{"line":53,"column":36}},"14":{"start":{"line":56,"column":2},"end":{"line":56,"column":18}},"15":{"start":{"line":67,"column":0},"end":{"line":152,"column":2}},"16":{"start":{"line":68,"column":2},"end":{"line":68,"column":25}},"17":{"start":{"line":69,"column":2},"end":{"line":69,"column":13}},"18":{"start":{"line":70,"column":2},"end":{"line":70,"column":12}},"19":{"start":{"line":72,"column":2},"end":{"line":88,"column":3}},"20":{"start":{"line":73,"column":4},"end":{"line":77,"column":8}},"21":{"start":{"line":80,"column":4},"end":{"line":80,"column":20}},"22":{"start":{"line":82,"column":4},"end":{"line":84,"column":8}},"23":{"start":{"line":87,"column":4},"end":{"line":87,"column":20}},"24":{"start":{"line":90,"column":2},"end":{"line":149,"column":5}},"25":{"start":{"line":92,"column":4},"end":{"line":92,"column":21}},"26":{"start":{"line":95,"column":4},"end":{"line":95,"column":29}},"27":{"start":{"line":98,"column":4},"end":{"line":148,"column":5}},"28":{"start":{"line":100,"column":6},"end":{"line":100,"column":34}},"29":{"start":{"line":103,"column":6},"end":{"line":108,"column":7}},"30":{"start":{"line":104,"column":8},"end":{"line":107,"column":9}},"31":{"start":{"line":106,"column":10},"end":{"line":106,"column":40}},"32":{"start":{"line":111,"column":6},"end":{"line":111,"column":47}},"33":{"start":{"line":115,"column":6},"end":{"line":115,"column":38}},"34":{"start":{"line":118,"column":6},"end":{"line":122,"column":7}},"35":{"start":{"line":119,"column":8},"end":{"line":121,"column":9}},"36":{"start":{"line":120,"column":10},"end":{"line":120,"column":41}},"37":{"start":{"line":124,"column":6},"end":{"line":126,"column":7}},"38":{"start":{"line":125,"column":8},"end":{"line":125,"column":38}},"39":{"start":{"line":130,"column":6},"end":{"line":130,"column":45}},"40":{"start":{"line":133,"column":6},"end":{"line":133,"column":34}},"41":{"start":{"line":135,"column":6},"end":{"line":137,"column":7}},"42":{"start":{"line":136,"column":8},"end":{"line":136,"column":37}},"43":{"start":{"line":140,"column":6},"end":{"line":144,"column":7}},"44":{"start":{"line":141,"column":8},"end":{"line":143,"column":9}},"45":{"start":{"line":142,"column":10},"end":{"line":142,"column":41}},"46":{"start":{"line":147,"column":6},"end":{"line":147,"column":36}},"47":{"start":{"line":151,"column":2},"end":{"line":151,"column":23}},"48":{"start":{"line":155,"column":0},"end":{"line":155,"column":28}}},"branchMap":{"1":{"line":26,"type":"if","locations":[{"start":{"line":26,"column":6},"end":{"line":26,"column":6}},{"start":{"line":26,"column":6},"end":{"line":26,"column":6}}]},"2":{"line":72,"type":"if","locations":[{"start":{"line":72,"column":2},"end":{"line":72,"column":2}},{"start":{"line":72,"column":2},"end":{"line":72,"column":2}}]},"3":{"line":95,"type":"binary-expr","locations":[{"start":{"line":95,"column":13},"end":{"line":95,"column":21}},{"start":{"line":95,"column":25},"end":{"line":95,"column":28}}]},"4":{"line":98,"type":"if","locations":[{"start":{"line":98,"column":4},"end":{"line":98,"column":4}},{"start":{"line":98,"column":4},"end":{"line":98,"column":4}}]},"5":{"line":98,"type":"binary-expr","locations":[{"start":{"line":98,"column":8},"end":{"line":98,"column":34}},{"start":{"line":98,"column":38},"end":{"line":98,"column":69}}]},"6":{"line":103,"type":"if","locations":[{"start":{"line":103,"column":6},"end":{"line":103,"column":6}},{"start":{"line":103,"column":6},"end":{"line":103,"column":6}}]},"7":{"line":104,"type":"if","locations":[{"start":{"line":104,"column":8},"end":{"line":104,"column":8}},{"start":{"line":104,"column":8},"end":{"line":104,"column":8}}]},"8":{"line":104,"type":"binary-expr","locations":[{"start":{"line":104,"column":12},"end":{"line":104,"column":47}},{"start":{"line":105,"column":10},"end":{"line":105,"column":46}}]},"9":{"line":118,"type":"if","locations":[{"start":{"line":118,"column":6},"end":{"line":118,"column":6}},{"start":{"line":118,"column":6},"end":{"line":118,"column":6}}]},"10":{"line":119,"type":"if","locations":[{"start":{"line":119,"column":8},"end":{"line":119,"column":8}},{"start":{"line":119,"column":8},"end":{"line":119,"column":8}}]},"11":{"line":124,"type":"if","locations":[{"start":{"line":124,"column":6},"end":{"line":124,"column":6}},{"start":{"line":124,"column":6},"end":{"line":124,"column":6}}]},"12":{"line":135,"type":"if","locations":[{"start":{"line":135,"column":6},"end":{"line":135,"column":6}},{"start":{"line":135,"column":6},"end":{"line":135,"column":6}}]},"13":{"line":140,"type":"if","locations":[{"start":{"line":140,"column":6},"end":{"line":140,"column":6}},{"start":{"line":140,"column":6},"end":{"line":140,"column":6}}]},"14":{"line":141,"type":"if","locations":[{"start":{"line":141,"column":8},"end":{"line":141,"column":8}},{"start":{"line":141,"column":8},"end":{"line":141,"column":8}}]}}}}