TN:
SF:/Users/darlanmendonca/projects/key-renamer/test.js
FN:18,(anonymous_1)
FN:19,(anonymous_2)
FN:63,(anonymous_3)
FN:111,(anonymous_4)
FNF:4
FNH:4
FNDA:1,(anonymous_1)
FNDA:1,(anonymous_2)
FNDA:1,(anonymous_3)
FNDA:1,(anonymous_4)
DA:13,1
DA:14,1
DA:15,1
DA:16,1
DA:18,1
DA:19,1
DA:21,1
DA:63,1
DA:65,1
DA:95,1
DA:111,1
DA:112,1
LF:12
LH:12
BRF:0
BRH:0
end_of_record
TN:
SF:/Users/darlanmendonca/projects/key-renamer/lib/key-renamer.js
FN:22,(anonymous_1)
FN:46,(anonymous_2)
FN:67,(anonymous_3)
FN:90,(anonymous_4)
FNF:4
FNH:3
FNDA:8,(anonymous_1)
FNDA:0,(anonymous_2)
FNDA:6,(anonymous_3)
FNDA:23,(anonymous_4)
DA:15,1
DA:22,1
DA:23,8
DA:24,8
DA:26,8
DA:27,6
DA:29,0
DA:33,8
DA:37,4
DA:46,1
DA:47,0
DA:49,0
DA:53,0
DA:56,0
DA:67,1
DA:68,6
DA:69,6
DA:70,6
DA:72,6
DA:73,0
DA:80,0
DA:82,0
DA:87,0
DA:90,6
DA:92,23
DA:95,23
DA:98,23
DA:100,4
DA:103,4
DA:104,2
DA:106,2
DA:111,4
DA:115,4
DA:118,4
DA:119,2
DA:120,0
DA:124,4
DA:125,0
DA:130,4
DA:133,19
DA:135,19
DA:136,0
DA:140,19
DA:141,15
DA:142,5
DA:147,19
DA:151,6
DA:155,1
LF:48
LH:36
BRDA:26,1,0,6
BRDA:26,1,1,0
BRDA:72,2,0,0
BRDA:72,2,1,6
BRDA:95,3,0,23
BRDA:95,3,1,0
BRDA:98,4,0,4
BRDA:98,4,1,19
BRDA:98,5,0,23
BRDA:98,5,1,4
BRDA:103,6,0,2
BRDA:103,6,1,2
BRDA:104,7,0,2
BRDA:104,7,1,0
BRDA:104,8,0,2
BRDA:104,8,1,2
BRDA:118,9,0,2
BRDA:118,9,1,2
BRDA:119,10,0,0
BRDA:119,10,1,2
BRDA:124,11,0,0
BRDA:124,11,1,4
BRDA:135,12,0,0
BRDA:135,12,1,19
BRDA:140,13,0,15
BRDA:140,13,1,4
BRDA:141,14,0,5
BRDA:141,14,1,10
BRF:28
BRH:21
end_of_record
